<?xml version="1.0" encoding="utf-8" standalone="no"?>
<!--This file represents the results of running a test suite-->
<test-results name="C:\Users\david\Documents\Visual Studio 2013\Projects\DependencyContainer\dependencyContainerTest.nunit" total="1" errors="0" failures="0" not-run="0" inconclusive="0" ignored="0" skipped="0" invalid="0" date="2015-02-25" time="14:45:37">
  <environment nunit-version="2.6.4.14350" clr-version="2.0.50727.8009" os-version="Microsoft Windows NT 6.2.9200.0" platform="Win32NT" cwd="C:\Program Files (x86)\NUnit 2.6.4\bin" machine-name="DAVIDLAPTOP" user="david" user-domain="DAVIDLAPTOP" />
  <culture-info current-culture="en-US" current-uiculture="en-US" />
  <test-suite type="Project" name="C:\Users\david\Documents\Visual Studio 2013\Projects\DependencyContainer\dependencyContainerTest.nunit" executed="True" result="Success" success="True" time="0.083" asserts="0">
    <results>
      <test-suite type="Assembly" name="C:\Users\david\Documents\Visual Studio 2013\Projects\DependencyContainer\DependencyContainerTest\bin\Debug\DependencyContainerTest.dll" executed="True" result="Success" success="True" time="0.068" asserts="0">
        <results>
          <test-suite type="Namespace" name="DependencyContainerTest" executed="True" result="Success" success="True" time="0.068" asserts="0">
            <results>
              <test-suite type="TestFixture" name="ContainerTests" executed="True" result="Success" success="True" time="0.062" asserts="0">
                <results>
                  <test-case name="DependencyContainerTest.ContainerTests.registertest" executed="True" result="Success" success="True" time="0.052" asserts="0" />
                </results>
              </test-suite>
            </results>
          </test-suite>
        </results>
      </test-suite>
    </results>
  </test-suite>
</test-results>